<?xml version="1.0" encoding="UTF-8"?>
<!-- Generated by org.testng.reporters.JUnitReportReporter -->
<testsuite hostname="DESKTOP-6RABT7T" failures="0" tests="1" name="com.qa.testscript.workingwithJspopup" time="31.134" errors="0" timestamp="2021-04-30T12:27:12 IST" skipped="0">
  <testcase classname="com.qa.testscript.workingwithJspopup" name="hiddenPopup" time="31.134"/>
  <system-out/>
</testsuite> <!-- com.qa.testscript.workingwithJspopup -->
