<?xml version="1.0" encoding="UTF-8"?>
<!-- Generated by org.testng.reporters.JUnitReportReporter -->
<testsuite hostname="DESKTOP-6RABT7T" failures="0" tests="1" name="com.qa.testscript.EndToEndFlow" time="114.467" errors="0" timestamp="2021-05-05T16:01:57 IST" skipped="0">
  <testcase classname="com.qa.testscript.EndToEndFlow" name="FlipKart" time="114.467"/>
  <system-out>
login to the page successfully product is serached successfully order placed successfully logged out  </system-out>
</testsuite> <!-- com.qa.testscript.EndToEndFlow -->
